<?xml version="1.0" encoding="UTF-8"?>
<!-- Generated by org.testng.reporters.JUnitReportReporter -->
<testsuite hostname="VILASI" failures="0" tests="1" name="vtiger.createOrganizationTest" time="62.520" errors="0" timestamp="2024-08-13T12:20:44 IST" skipped="0">
  <testcase classname="vtiger.createOrganizationTest" name="createOrg" time="62.520"/>
  <system-out>
    <![CDATA[==ORGANIZATION IS CREATED AND TC IS PASSED==]]>
  </system-out>
</testsuite> <!-- vtiger.createOrganizationTest -->
